[ 2014-11-13T15:47:44+08:00 ] 127.0.0.1 /favicon.ico
INFO: [ app_init ] --START--
INFO: Run Behavior\BuildLiteBehavior [ RunTime:0.000032s ]
INFO: [ app_init ] --END-- [ RunTime:0.000644s ]

[ 2014-11-13T15:47:44+08:00 ] 127.0.0.1 /
INFO: [ app_init ] --START--
INFO: Run Behavior\BuildLiteBehavior [ RunTime:0.000056s ]
INFO: [ app_init ] --END-- [ RunTime:0.001474s ]

[ 2014-11-13T15:57:24+08:00 ] 127.0.0.1 /favicon.ico
INFO: [ app_init ] --START--
INFO: Run Behavior\BuildLiteBehavior [ RunTime:0.000020s ]
INFO: [ app_init ] --END-- [ RunTime:0.000578s ]
NOTIC: [8] Constant MEMORY_LIMIT_ON already defined /home/lancelot/Project/swoole-tp/ThinkPHP/ThinkPHP.php 第 19 行.
NOTIC: [8] Constant THINK_VERSION already defined /home/lancelot/Project/swoole-tp/ThinkPHP/ThinkPHP.php 第 23 行.
NOTIC: [8] Constant URL_COMMON already defined /home/lancelot/Project/swoole-tp/ThinkPHP/ThinkPHP.php 第 26 行.
NOTIC: [8] Constant URL_PATHINFO already defined /home/lancelot/Project/swoole-tp/ThinkPHP/ThinkPHP.php 第 27 行.
NOTIC: [8] Constant URL_REWRITE already defined /home/lancelot/Project/swoole-tp/ThinkPHP/ThinkPHP.php 第 28 行.
NOTIC: [8] Constant URL_COMPAT already defined /home/lancelot/Project/swoole-tp/ThinkPHP/ThinkPHP.php 第 29 行.
NOTIC: [8] Constant EXT already defined /home/lancelot/Project/swoole-tp/ThinkPHP/ThinkPHP.php 第 32 行.
NOTIC: [8] Constant MAGIC_QUOTES_GPC already defined /home/lancelot/Project/swoole-tp/ThinkPHP/ThinkPHP.php 第 70 行.
NOTIC: [8] Constant IS_CGI already defined /home/lancelot/Project/swoole-tp/ThinkPHP/ThinkPHP.php 第 72 行.
NOTIC: [8] Constant IS_WIN already defined /home/lancelot/Project/swoole-tp/ThinkPHP/ThinkPHP.php 第 73 行.
NOTIC: [8] Constant IS_CLI already defined /home/lancelot/Project/swoole-tp/ThinkPHP/ThinkPHP.php 第 74 行.

[ 2014-11-13T16:09:27+08:00 ] 127.0.0.1 /favicon.ico
INFO: [ app_init ] --START--
INFO: Run Behavior\BuildLiteBehavior [ RunTime:0.000020s ]
INFO: [ app_init ] --END-- [ RunTime:0.000534s ]
NOTIC: [8] Constant MEMORY_LIMIT_ON already defined /home/lancelot/Project/swoole-tp/ThinkPHP/ThinkPHP.php 第 19 行.
NOTIC: [8] Constant THINK_VERSION already defined /home/lancelot/Project/swoole-tp/ThinkPHP/ThinkPHP.php 第 23 行.
NOTIC: [8] Constant URL_COMMON already defined /home/lancelot/Project/swoole-tp/ThinkPHP/ThinkPHP.php 第 26 行.
NOTIC: [8] Constant URL_PATHINFO already defined /home/lancelot/Project/swoole-tp/ThinkPHP/ThinkPHP.php 第 27 行.
NOTIC: [8] Constant URL_REWRITE already defined /home/lancelot/Project/swoole-tp/ThinkPHP/ThinkPHP.php 第 28 行.
NOTIC: [8] Constant URL_COMPAT already defined /home/lancelot/Project/swoole-tp/ThinkPHP/ThinkPHP.php 第 29 行.
NOTIC: [8] Constant EXT already defined /home/lancelot/Project/swoole-tp/ThinkPHP/ThinkPHP.php 第 32 行.
NOTIC: [8] Constant MAGIC_QUOTES_GPC already defined /home/lancelot/Project/swoole-tp/ThinkPHP/ThinkPHP.php 第 70 行.
NOTIC: [8] Constant IS_CGI already defined /home/lancelot/Project/swoole-tp/ThinkPHP/ThinkPHP.php 第 72 行.
NOTIC: [8] Constant IS_WIN already defined /home/lancelot/Project/swoole-tp/ThinkPHP/ThinkPHP.php 第 73 行.
NOTIC: [8] Constant IS_CLI already defined /home/lancelot/Project/swoole-tp/ThinkPHP/ThinkPHP.php 第 74 行.

